0 info it worked if it ends with ok
1 verbose cli [ 'C:\\Program Files (x86)\\Nodist\\v-x64\\nodev5.3.0\\node.exe',
1 verbose cli   'C:\\Program Files (x86)\\Nodist\\bin\\node_modules\\npm\\bin\\npm-cli.js',
1 verbose cli   'run',
1 verbose cli   'test' ]
2 info using npm@2.14.10
3 info using node@v5.3.0
4 verbose run-script [ 'pretest', 'test', 'posttest' ]
5 info pretest styling@1.0.0
6 info test styling@1.0.0
7 verbose unsafe-perm in lifecycle true
8 info styling@1.0.0 Failed to exec test script
9 verbose stack Error: styling@1.0.0 test: `echo "Error: no test specified" && exit 1`
9 verbose stack Exit status 1
9 verbose stack     at EventEmitter.<anonymous> (C:\Program Files (x86)\Nodist\bin\node_modules\npm\lib\utils\lifecycle.js:214:16)
9 verbose stack     at emitTwo (events.js:87:13)
9 verbose stack     at EventEmitter.emit (events.js:172:7)
9 verbose stack     at ChildProcess.<anonymous> (C:\Program Files (x86)\Nodist\bin\node_modules\npm\lib\utils\spawn.js:24:14)
9 verbose stack     at emitTwo (events.js:87:13)
9 verbose stack     at ChildProcess.emit (events.js:172:7)
9 verbose stack     at maybeClose (internal/child_process.js:818:16)
9 verbose stack     at Process.ChildProcess._handle.onexit (internal/child_process.js:211:5)
10 verbose pkgid styling@1.0.0
11 verbose cwd D:\Mihai\styling
12 error Windows_NT 6.3.9600
13 error argv "C:\\Program Files (x86)\\Nodist\\v-x64\\nodev5.3.0\\node.exe" "C:\\Program Files (x86)\\Nodist\\bin\\node_modules\\npm\\bin\\npm-cli.js" "run" "test"
14 error node v5.3.0
15 error npm  v2.14.10
16 error code ELIFECYCLE
17 error styling@1.0.0 test: `echo "Error: no test specified" && exit 1`
17 error Exit status 1
18 error Failed at the styling@1.0.0 test script 'echo "Error: no test specified" && exit 1'.
18 error This is most likely a problem with the styling package,
18 error not with npm itself.
18 error Tell the author that this fails on your system:
18 error     echo "Error: no test specified" && exit 1
18 error You can get their info via:
18 error     npm owner ls styling
18 error There is likely additional logging output above.
19 verbose exit [ 1, true ]
